<?xml version="1.0" encoding="UTF-8"?>
<testsuite xmlns:xsi="http://www.w3.org/2001/XMLSchema-instance" xsi:noNamespaceSchemaLocation="https://maven.apache.org/surefire/maven-surefire-plugin/xsd/surefire-test-report-3.0.xsd" version="3.0" name="com.flashbrain.controller.OcrControllerTest" time="4.018" tests="1" errors="0" skipped="0" failures="0">
  <properties>
[...]
</properties>
  <testcase name="testUploadAndRecognize" classname="com.flashbrain.controller.OcrControllerTest" time="0.166">
    <system-out><![CDATA[16:54:07.224 [main] DEBUG org.springframework.test.context.BootstrapUtils - Instantiating CacheAwareContextLoaderDelegate from class [org.springframework.test.context.cache.DefaultCacheAwareContextLoaderDelegate]
16:54:07.229 [main] DEBUG org.springframework.test.context.BootstrapUtils - Instantiating BootstrapContext using constructor [public org.springframework.test.context.support.DefaultBootstrapContext(java.lang.Class,org.springframework.test.context.CacheAwareContextLoaderDelegate)]
16:54:07.251 [main] DEBUG org.springframework.test.context.BootstrapUtils - Instantiating TestContextBootstrapper for test class [com.flashbrain.controller.OcrControllerTest] from class [org.springframework.boot.test.context.SpringBootTestContextBootstrapper]
16:54:07.257 [main] INFO org.springframework.boot.test.context.SpringBootTestContextBootstrapper - Neither @ContextConfiguration nor @ContextHierarchy found for test class [com.flashbrain.controller.OcrControllerTest], using SpringBootContextLoader
16:54:07.260 [main] DEBUG org.springframework.test.context.support.AbstractContextLoader - Did not detect default resource location for test class [com.flashbrain.controller.OcrControllerTest]: class path resource [com/flashbrain/controller/OcrControllerTest-context.xml] does not exist
16:54:07.260 [main] DEBUG org.springframework.test.context.support.AbstractContextLoader - Did not detect default resource location for test class [com.flashbrain.controller.OcrControllerTest]: class path resource [com/flashbrain/controller/OcrControllerTestContext.groovy] does not exist
16:54:07.260 [main] INFO org.springframework.test.context.support.AbstractContextLoader - Could not detect default resource locations for test class [com.flashbrain.controller.OcrControllerTest]: no resource found for suffixes {-context.xml, Context.groovy}.
16:54:07.261 [main] INFO org.springframework.test.context.support.AnnotationConfigContextLoaderUtils - Could not detect default configuration classes for test class [com.flashbrain.controller.OcrControllerTest]: OcrControllerTest does not declare any static, non-private, non-final, nested classes annotated with @Configuration.
16:54:07.310 [main] DEBUG org.springframework.test.context.support.ActiveProfilesUtils - Could not find an 'annotation declaring class' for annotation type [org.springframework.test.context.ActiveProfiles] and class [com.flashbrain.controller.OcrControllerTest]
16:54:07.354 [main] DEBUG org.springframework.context.annotation.ClassPathScanningCandidateComponentProvider - Identified candidate component class: file [E:\myGitRepositorysx\flashBrain\backend\target\classes\com\flashbrain\FlashBrainApplication.class]
16:54:07.355 [main] INFO org.springframework.boot.test.context.SpringBootTestContextBootstrapper - Found @SpringBootConfiguration com.flashbrain.FlashBrainApplication for test class com.flashbrain.controller.OcrControllerTest
16:54:07.412 [main] DEBUG org.springframework.boot.test.context.SpringBootTestContextBootstrapper - @TestExecutionListeners is not present for class [com.flashbrain.controller.OcrControllerTest]: using defaults.
16:54:07.413 [main] INFO org.springframework.boot.test.context.SpringBootTestContextBootstrapper - Loaded default TestExecutionListener class names from location [META-INF/spring.factories]: [org.springframework.boot.test.mock.mockito.MockitoTestExecutionListener, org.springframework.boot.test.mock.mockito.ResetMocksTestExecutionListener, org.springframework.boot.test.autoconfigure.restdocs.RestDocsTestExecutionListener, org.springframework.boot.test.autoconfigure.web.client.MockRestServiceServerResetTestExecutionListener, org.springframework.boot.test.autoconfigure.web.servlet.MockMvcPrintOnlyOnFailureTestExecutionListener, org.springframework.boot.test.autoconfigure.web.servlet.WebDriverTestExecutionListener, org.springframework.boot.test.autoconfigure.webservices.client.MockWebServiceServerTestExecutionListener, org.springframework.test.context.web.ServletTestExecutionListener, org.springframework.test.context.support.DirtiesContextBeforeModesTestExecutionListener, org.springframework.test.context.event.ApplicationEventsTestExecutionListener, org.springframework.test.context.support.DependencyInjectionTestExecutionListener, org.springframework.test.context.support.DirtiesContextTestExecutionListener, org.springframework.test.context.transaction.TransactionalTestExecutionListener, org.springframework.test.context.jdbc.SqlScriptsTestExecutionListener, org.springframework.test.context.event.EventPublishingTestExecutionListener]
16:54:07.421 [main] INFO org.springframework.boot.test.context.SpringBootTestContextBootstrapper - Using TestExecutionListeners: [org.springframework.test.context.web.ServletTestExecutionListener@7d3430a7, org.springframework.test.context.support.DirtiesContextBeforeModesTestExecutionListener@6f603e89, org.springframework.test.context.event.ApplicationEventsTestExecutionListener@2756c0a7, org.springframework.boot.test.mock.mockito.MockitoTestExecutionListener@350ec41e, org.springframework.boot.test.autoconfigure.SpringBootDependencyInjectionTestExecutionListener@69637b10, org.springframework.test.context.support.DirtiesContextTestExecutionListener@71984c3, org.springframework.test.context.transaction.TransactionalTestExecutionListener@165b2f7f, org.springframework.test.context.jdbc.SqlScriptsTestExecutionListener@5536379e, org.springframework.test.context.event.EventPublishingTestExecutionListener@277f7dd3, org.springframework.boot.test.mock.mockito.ResetMocksTestExecutionListener@6c8bca63, org.springframework.boot.test.autoconfigure.restdocs.RestDocsTestExecutionListener@2364305a, org.springframework.boot.test.autoconfigure.web.client.MockRestServiceServerResetTestExecutionListener@470a696f, org.springframework.boot.test.autoconfigure.web.servlet.MockMvcPrintOnlyOnFailureTestExecutionListener@1bc715b8, org.springframework.boot.test.autoconfigure.web.servlet.WebDriverTestExecutionListener@292d1c71, org.springframework.boot.test.autoconfigure.webservices.client.MockWebServiceServerTestExecutionListener@2b491fee]
16:54:07.424 [main] DEBUG org.springframework.test.context.support.AbstractDirtiesContextTestExecutionListener - Before test class: context [DefaultTestContext@6731787b testClass = OcrControllerTest, testInstance = [null], testMethod = [null], testException = [null], mergedContextConfiguration = [WebMergedContextConfiguration@16f7b4af testClass = OcrControllerTest, locations = '{}', classes = '{class com.flashbrain.FlashBrainApplication}', contextInitializerClasses = '[]', activeProfiles = '{}', propertySourceLocations = '{}', propertySourceProperties = '{org.springframework.boot.test.context.SpringBootTestContextBootstrapper=true}', contextCustomizers = set[[ImportsContextCustomizer@7adf16aa key = [org.springframework.boot.test.autoconfigure.web.servlet.MockMvcWebDriverAutoConfiguration, org.springframework.boot.test.autoconfigure.web.servlet.MockMvcAutoConfiguration, org.springframework.boot.autoconfigure.security.oauth2.client.servlet.OAuth2ClientAutoConfiguration, org.springframework.boot.autoconfigure.security.servlet.SecurityAutoConfiguration, org.springframework.boot.autoconfigure.security.servlet.SecurityFilterAutoConfiguration, org.springframework.boot.autoconfigure.security.servlet.UserDetailsServiceAutoConfiguration, org.springframework.boot.autoconfigure.security.oauth2.resource.servlet.OAuth2ResourceServerAutoConfiguration, org.springframework.boot.test.autoconfigure.web.servlet.MockMvcSecurityConfiguration, org.springframework.boot.test.autoconfigure.web.servlet.MockMvcWebClientAutoConfiguration, org.springframework.boot.test.autoconfigure.web.reactive.WebTestClientAutoConfiguration]], org.springframework.boot.test.context.filter.ExcludeFilterContextCustomizer@4716be8b, org.springframework.boot.test.json.DuplicateJsonObjectContextCustomizerFactory$DuplicateJsonObjectContextCustomizer@6cce16f4, org.springframework.boot.test.mock.mockito.MockitoContextCustomizer@adf4641c, org.springframework.boot.test.web.client.TestRestTemplateContextCustomizer@332796d3, org.springframework.boot.test.autoconfigure.actuate.metrics.MetricsExportContextCustomizerFactory$DisableMetricExportContextCustomizer@54e7df6a, org.springframework.boot.test.autoconfigure.properties.PropertyMappingContextCustomizer@4b3fa0b3, org.springframework.boot.test.autoconfigure.web.servlet.WebDriverContextCustomizerFactory$Customizer@41e68d87, org.springframework.boot.test.context.SpringBootTestArgs@1, org.springframework.boot.test.context.SpringBootTestWebEnvironment@34123d65], resourceBasePath = 'src/main/webapp', contextLoader = 'org.springframework.boot.test.context.SpringBootContextLoader', parent = [null]], attributes = map['org.springframework.test.context.web.ServletTestExecutionListener.activateListener' -> true]], class annotated with @DirtiesContext [false] with mode [null].

  .   ____          _            __ _ _
 /\\ / ___'_ __ _ _(_)_ __  __ _ \ \ \ \
( ( )\___ | '_ | '_| | '_ \/ _` | \ \ \ \
 \\/  ___)| |_)| | | | | || (_| |  ) ) ) )
  '  |____| .__|_| |_|_| |_\__, | / / / /
 =========|_|==============|___/=/_/_/_/
 :: Spring Boot ::               (v2.7.18)

2026-05-15 16:54:07.660  INFO 126388 --- [           main] c.f.controller.OcrControllerTest         : Starting OcrControllerTest using Java 11.0.30 on DESKTOP-OOSF79H with PID 126388 (started by SXG2026-0297 in E:\myGitRepositorysx\flashBrain\backend)
2026-05-15 16:54:07.661  INFO 126388 --- [           main] c.f.controller.OcrControllerTest         : No active profile set, falling back to 1 default profile: "default"
2026-05-15 16:54:08.074  INFO 126388 --- [           main] .s.d.r.c.RepositoryConfigurationDelegate : Bootstrapping Spring Data JPA repositories in DEFAULT mode.
2026-05-15 16:54:08.108  INFO 126388 --- [           main] .s.d.r.c.RepositoryConfigurationDelegate : Finished Spring Data repository scanning in 29 ms. Found 2 JPA repository interfaces.
2026-05-15 16:54:08.716  INFO 126388 --- [           main] com.zaxxer.hikari.HikariDataSource       : HikariPool-1 - Starting...
2026-05-15 16:54:08.925  INFO 126388 --- [           main] com.zaxxer.hikari.HikariDataSource       : HikariPool-1 - Start completed.
2026-05-15 16:54:08.987  INFO 126388 --- [           main] o.hibernate.jpa.internal.util.LogHelper  : HHH000204: Processing PersistenceUnitInfo [name: default]
2026-05-15 16:54:09.059  INFO 126388 --- [           main] org.hibernate.Version                    : HHH000412: Hibernate ORM core version 5.6.15.Final
2026-05-15 16:54:09.105  INFO 126388 --- [           main] o.hibernate.annotations.common.Version   : HCANN000001: Hibernate Commons Annotations {5.1.2.Final}
2026-05-15 16:54:09.485  INFO 126388 --- [           main] org.hibernate.dialect.Dialect            : HHH000400: Using dialect: org.hibernate.dialect.H2Dialect
2026-05-15 16:54:09.779  INFO 126388 --- [           main] o.h.e.t.j.p.i.JtaPlatformInitiator       : HHH000490: Using JtaPlatform implementation: [org.hibernate.engine.transaction.jta.platform.internal.NoJtaPlatform]
2026-05-15 16:54:09.785  INFO 126388 --- [           main] j.LocalContainerEntityManagerFactoryBean : Initialized JPA EntityManagerFactory for persistence unit 'default'
2026-05-15 16:54:10.555  WARN 126388 --- [           main] JpaBaseConfiguration$JpaWebConfiguration : spring.jpa.open-in-view is enabled by default. Therefore, database queries may be performed during view rendering. Explicitly configure spring.jpa.open-in-view to disable this warning
2026-05-15 16:54:10.702  INFO 126388 --- [           main] o.s.b.a.h2.H2ConsoleAutoConfiguration    : H2 console available at '/h2-console'. Database available at 'jdbc:h2:mem:flashbrain'
2026-05-15 16:54:10.977  INFO 126388 --- [           main] o.s.b.t.m.w.SpringBootMockServletContext : Initializing Spring TestDispatcherServlet ''
2026-05-15 16:54:10.977  INFO 126388 --- [           main] o.s.t.web.servlet.TestDispatcherServlet  : Initializing Servlet ''
2026-05-15 16:54:10.978  INFO 126388 --- [           main] o.s.t.web.servlet.TestDispatcherServlet  : Completed initialization in 1 ms
2026-05-15 16:54:10.999  INFO 126388 --- [           main] c.f.controller.OcrControllerTest         : Started OcrControllerTest in 3.554 seconds (JVM running for 4.346)
2026-05-15 16:54:11.149  INFO 126388 --- [           main] com.flashbrain.controller.OcrController  : Received OCR upload request for: test.jpg
]]></system-out>
  </testcase>
</testsuite>